1633416831281	geckodriver	INFO	Listening on 127.0.0.1:1055
1633416834323	mozrunner::runner	INFO	Running command: "C:\\Program Files\\Mozilla Firefox\\firefox.exe" "--marionette" "-no-remote" "-profile" "C:\\Users\\H3\\AppData\\Local\\Temp\\rust_mozprofileivUqa7"
1633416842393	geckodriver	INFO	Listening on 127.0.0.1:1195
1633416845438	mozrunner::runner	INFO	Running command: "C:\\Program Files\\Mozilla Firefox\\firefox.exe" "--marionette" "-no-remote" "-profile" "C:\\Users\\H3\\AppData\\Local\\Temp\\rust_mozprofile9Eb1pJ"
1633416916314	geckodriver	INFO	Listening on 127.0.0.1:1320
1633416919371	mozrunner::runner	INFO	Running command: "C:\\Program Files\\Mozilla Firefox\\firefox.exe" "--marionette" "-no-remote" "-profile" "C:\\Users\\H3\\AppData\\Local\\Temp\\rust_mozprofile7o9eG4"
JavaScript error: resource://gre/modules/XULStore.jsm, line 66: Error: Can't find profile directory.
console.error: SearchCache: "_readCacheFile: Error reading cache file:" (new Error("", "(unknown module)"))
1633416922467	Marionette	INFO	Listening on port 1328
1633416922542	Marionette	WARN	TLS certificate errors will be ignored for this session
1633416933478	Marionette	INFO	Stopped listening on port 1328

###!!! [Child][RunMessage] Error: Channel closing: too late to send/recv, messages will be lost


###!!! [Child][MessageChannel::SendAndWait] Error: Channel error: cannot send/recv

1633417041087	geckodriver	INFO	Listening on 127.0.0.1:3272
1633417044127	mozrunner::runner	INFO	Running command: "C:\\Program Files\\Mozilla Firefox\\firefox.exe" "--marionette" "-no-remote" "-profile" "C:\\Users\\H3\\AppData\\Local\\Temp\\rust_mozprofileoSBT0L"
JavaScript error: resource://gre/modules/XULStore.jsm, line 66: Error: Can't find profile directory.
console.error: SearchCache: "_readCacheFile: Error reading cache file:" (new Error("", "(unknown module)"))
1633417047460	Marionette	INFO	Listening on port 3280
1633417047794	Marionette	WARN	TLS certificate errors will be ignored for this session

###!!! [Child][RunMessage] Error: Channel closing: too late to send/recv, messages will be lost

1633417134083	Marionette	INFO	Stopped listening on port 3280

###!!! [Child][RunMessage] Error: Channel closing: too late to send/recv, messages will be lost


###!!! [Child][MessageChannel::SendAndWait] Error: Channel error: cannot send/recv

1633417195854	geckodriver	INFO	Listening on 127.0.0.1:1035
1633417198875	mozrunner::runner	INFO	Running command: "C:\\Program Files\\Mozilla Firefox\\firefox.exe" "--marionette" "-no-remote" "-profile" "C:\\Users\\H3\\AppData\\Local\\Temp\\rust_mozprofiledGttPg"
JavaScript error: resource://gre/modules/XULStore.jsm, line 66: Error: Can't find profile directory.
console.error: SearchCache: "_readCacheFile: Error reading cache file:" (new Error("", "(unknown module)"))
1633417202018	Marionette	INFO	Listening on port 1060
1633417202042	Marionette	WARN	TLS certificate errors will be ignored for this session
JavaScript error: resource://gre/modules/PartitioningExceptionListService.jsm, line 69: NS_ERROR_MALFORMED_URI: Component returned failure code: 0x804b000a (NS_ERROR_MALFORMED_URI) [nsIPartitioningExceptionListObserver.onExceptionListUpdate]
1633417480810	Marionette	INFO	Stopped listening on port 1060

###!!! [Child][RunMessage] Error: Channel closing: too late to send/recv, messages will be lost


###!!! [Child][MessageChannel::SendAndWait] Error: Channel error: cannot send/recv

ofileWUUpg8"
JavaScript error: resource://gre/modules/XULStore.jsm, line 66: Error: Can't find profile directory.
console.error: SearchCache: "_readCacheFile: Error reading cache file:" (new Error("", "(unknown module)"))
1633417268992	Marionette	INFO	Listening on port 11266
1633417269248	Marionette	WARN	TLS certificate errors will be ignored for this session
JavaScript error: resource://gre/modules/PartitioningExceptionListService.jsm, line 69: NS_ERROR_MALFORMED_URI: Component returned failure code: 0x804b000a (NS_ERROR_MALFORMED_URI) [nsIPartitioningExceptionListObserver.onExceptionListUpdate]
1633417479209	Marionette	INFO	Stopped listening on port 11266

###!!! [Child][RunMessage] Error: Channel closing: too late to send/recv, messages will be lost

[Parent 9624, Gecko_IOThread] WARNING: pipe error: 232: file /builds/worker/checkouts/gecko/ipc/chromium/src/chrome/common/ipc_channel_win.cc, line 545
, line 66: Error: Can't find profile directory.
console.error: SearchCache: "_readCacheFile: Error reading cache file:" (new Error("", "(unknown module)"))
1633417348805	Marionette	INFO	Listening on port 29982
1633417349028	Marionette	WARN	TLS certificate errors will be ignored for this session
console.error: Region.jsm: "Error fetching region" (new AbortError("The operation was aborted. ", (void 0), 689))
console.error: Region.jsm: "Failed to fetch region" (new Error("NO_RESULT", "resource://gre/modules/Region.jsm", 343))
JavaScript error: resource://gre/modules/PartitioningExceptionListService.jsm, line 69: NS_ERROR_MALFORMED_URI: Component returned failure code: 0x804b000a (NS_ERROR_MALFORMED_URI) [nsIPartitioningExceptionListObserver.onExceptionListUpdate]
1633417477437	Marionette	INFO	Stopped listening on port 29982

###!!! [Child][RunMessage] Error: Channel closing: too late to send/recv, messages will be lost


###!!! [Child][MessageChannel::SendAndWait] Error: (msgtype=0x5E0005,name=PImageBridge::Msg_WillClose) Channel error: cannot send/recv

/XULStore.jsm, line 66: Error: Can't find profile directory.
console.error: SearchCache: "_readCacheFile: Error reading cache file:" (new Error("", "(unknown module)"))
1633417457524	Marionette	INFO	Listening on port 11709
1633417457624	Marionette	WARN	TLS certificate errors will be ignored for this session
JavaScript error: resource://gre/modules/PartitioningExceptionListService.jsm, line 69: NS_ERROR_MALFORMED_URI: Component returned failure code: 0x804b000a (NS_ERROR_MALFORMED_URI) [nsIPartitioningExceptionListObserver.onExceptionListUpdate]
1633417841202	Marionette	INFO	Stopped listening on port 11709

###!!! [Child][RunMessage] Error: Channel closing: too late to send/recv, messages will be lost


###!!! [Child][MessageChannel::SendAndWait] Error: Channel error: cannot send/recv

ileuGfG0I"
JavaScript error: resource://gre/modules/XULStore.jsm, line 66: Error: Can't find profile directory.
console.error: SearchCache: "_readCacheFile: Error reading cache file:" (new Error("", "(unknown module)"))
1633417730032	Marionette	INFO	Listening on port 1064
1633417730433	Marionette	WARN	TLS certificate errors will be ignored for this session
JavaScript error: resource://gre/modules/PartitioningExceptionListService.jsm, line 69: NS_ERROR_MALFORMED_URI: Component returned failure code: 0x804b000a (NS_ERROR_MALFORMED_URI) [nsIPartitioningExceptionListObserver.onExceptionListUpdate]
1633417839990	Marionette	INFO	Stopped listening on port 1064
[Parent 17864, Gecko_IOThread] WARNING: pipe error: 232: file /builds/worker/checkouts/gecko/ipc/chromium/src/chrome/common/ipc_channel_win.cc, line 545
3\\AppData\\Local\\Temp\\rust_mozprofileofVI4t"
JavaScript error: resource://gre/modules/XULStore.jsm, line 66: Error: Can't find profile directory.
console.error: SearchCache: "_readCacheFile: Error reading cache file:" (new Error("", "(unknown module)"))
1633417841993	Marionette	INFO	Listening on port 32583
1633417842510	Marionette	WARN	TLS certificate errors will be ignored for this session
JavaScript error: resource://gre/modules/PartitioningExceptionListService.jsm, line 69: NS_ERROR_MALFORMED_URI: Component returned failure code: 0x804b000a (NS_ERROR_MALFORMED_URI) [nsIPartitioningExceptionListObserver.onExceptionListUpdate]
1633418053716	Marionette	INFO	Stopped listening on port 32583

###!!! [Child][RunMessage] Error: Channel closing: too late to send/recv, messages will be lost


###!!! [Child][MessageChannel::SendAndWait] Error: Channel error: cannot send/recv

1633418058326	geckodriver	INFO	Listening on 127.0.0.1:13355
1633418061378	mozrunner::runner	INFO	Running command: "C:\\Program Files\\Mozilla Firefox\\firefox.exe" "--marionette" "-no-remote" "-profile" "C:\\Users\\H3\\AppData\\Local\\Temp\\rust_mozprofileiPYPbz"
JavaScript error: resource://gre/modules/XULStore.jsm, line 66: Error: Can't find profile directory.
console.error: SearchCache: "_readCacheFile: Error reading cache file:" (new Error("", "(unknown module)"))
1633418064691	Marionette	INFO	Listening on port 13364
1633418065058	Marionette	WARN	TLS certificate errors will be ignored for this session
JavaScript error: resource://gre/modules/PartitioningExceptionListService.jsm, line 69: NS_ERROR_MALFORMED_URI: Component returned failure code: 0x804b000a (NS_ERROR_MALFORMED_URI) [nsIPartitioningExceptionListObserver.onExceptionListUpdate]
JavaScript error: https://script.4dex.io/localstore.js line 1 > Function, line 4: TypeError: window.ADAGIO is undefined
JavaScript error: https://www.picuki.com/profile/lukepeterscodes, line 1: TypeError: top is null
JavaScript error: https://www.picuki.com/profile/lukepeterscodes, line 1: TypeError: top is null
JavaScript error: https://www.picuki.com/profile/lukepeterscodes, line 1: TypeError: top is null
JavaScript error: https://www.picuki.com/profile/lukepeterscodes, line 1: TypeError: top is null
IPDL protocol error: Handler returned error code!

###!!! [Parent][DispatchAsyncMessage] Error: PLayerTransaction::Msg_ReleaseLayer Processing error: message was deserialized, but the handler returned false (indicating failure)

1633419637093	Marionette	INFO	Stopped listening on port 13364

###!!! [Child][RunMessage] Error: Channel closing: too late to send/recv, messages will be lost


###!!! [Child][MessageChannel::SendAndWait] Error: Channel error: cannot send/recv

stObserver.onExceptionListUpdate]
JavaScript error: https://www.youtube.com/s/desktop/f7ad551d/jsbin/spf.vflset/spf.js, line 28: NS_ERROR_NOT_INITIALIZED: 
JavaScript error: https://script.4dex.io/localstore.js line 1 > Function, line 4: TypeError: window.ADAGIO is undefined
1633418260950	Marionette	INFO	Stopped listening on port 29168
1633418894669	geckodriver	INFO	Listening on 127.0.0.1:1033
1633418897711	mozrunner::runner	INFO	Running command: "C:\\Program Files\\Mozilla Firefox\\firefox.exe" "--marionette" "--headless" "-no-remote" "-profile" "C:\\Users\\H3\\AppData\\Local\\Temp\\rust_mozprofileFbwKAx"
*** You are running in headless mode.
JavaScript error: resource://gre/modules/XULStore.jsm, line 66: Error: Can't find profile directory.
console.error: SearchCache: "_readCacheFile: Error reading cache file:" (new Error("", "(unknown module)"))
1633418900649	Marionette	INFO	Listening on port 1048
1633418900881	Marionette	WARN	TLS certificate errors will be ignored for this session
JavaScript error: resource://gre/modules/PartitioningExceptionListService.jsm, line 69: NS_ERROR_MALFORMED_URI: Component returned failure code: 0x804b000a (NS_ERROR_MALFORMED_URI) [nsIPartitioningExceptionListObserver.onExceptionListUpdate]
JavaScript error: https://script.4dex.io/localstore.js line 1 > Function, line 4: TypeError: window.ADAGIO is undefined

###!!! [Parent][RunMessage] Error: Channel closing: too late to send/recv, messages will be lost

1633419075136	geckodriver	INFO	Listening on 127.0.0.1:1030
1633419078177	mozrunner::runner	INFO	Running command: "C:\\Program Files\\Mozilla Firefox\\firefox.exe" "--marionette" "--headless" "-no-remote" "-profile" "C:\\Users\\H3\\AppData\\Local\\Temp\\rust_mozprofile0GX1kQ"
*** You are running in headless mode.
JavaScript error: resource://gre/modules/XULStore.jsm, line 66: Error: Can't find profile directory.
console.error: SearchCache: "_readCacheFile: Error reading cache file:" (new Error("", "(unknown module)"))
1633419081883	Marionette	INFO	Listening on port 1050
1633419082355	Marionette	WARN	TLS certificate errors will be ignored for this session
JavaScript error: resource://gre/modules/PartitioningExceptionListService.jsm, line 69: NS_ERROR_MALFORMED_URI: Component returned failure code: 0x804b000a (NS_ERROR_MALFORMED_URI) [nsIPartitioningExceptionListObserver.onExceptionListUpdate]
JavaScript error: https://script.4dex.io/localstore.js line 1 > Function, line 4: TypeError: window.ADAGIO is undefined
1633419139170	Marionette	INFO	Stopped listening on port 1050
JavaScript error: https://www.picuki.com/profile/lukepeterscodes, line 1: TypeError: top is null
JavaScript error: https://www.picuki.com/profile/lukepeterscodes, line 1: TypeError: top is null

###!!! [Child][MessageChannel] Error: (msgtype=0x390138,name=PContent::Msg_ScriptError) Channel closing: too late to send/recv, messages will be lost


###!!! [Child][MessageChannel] Error: (msgtype=0x390138,name=PContent::Msg_ScriptError) Channel closing: too late to send/recv, messages will be lost


###!!! [Child][MessageChannel] Error: (msgtype=0x390138,name=PContent::Msg_ScriptError) Channel closing: too late to send/recv, messages will be lost


###!!! [Child][MessageChannel] Error: (msgtype=0x390138,name=PContent::Msg_ScriptError) Channel closing: too late to send/recv, messages will be lost


###!!! [Child][MessageChannel] Error: (msgtype=0x390138,name=PContent::Msg_ScriptError) Channel closing: too late to send/recv, messages will be lost


###!!! [Child][MessageChannel] Error: (msgtype=0x390138,name=PContent::Msg_ScriptError) Channel closing: too late to send/recv, messages will be lost

1633419760143	geckodriver	INFO	Listening on 127.0.0.1:12963
1633419763211	mozrunner::runner	INFO	Running command: "C:\\Program Files\\Mozilla Firefox\\firefox.exe" "--marionette" "--headless" "-no-remote" "-profile" "C:\\Users\\H3\\AppData\\Local\\Temp\\rust_mozprofiletXg3at"
*** You are running in headless mode.
JavaScript error: resource://gre/modules/XULStore.jsm, line 66: Error: Can't find profile directory.
console.error: SearchCache: "_readCacheFile: Error reading cache file:" (new Error("", "(unknown module)"))
1633419766175	Marionette	INFO	Listening on port 1031
1633419766392	Marionette	WARN	TLS certificate errors will be ignored for this session
JavaScript error: resource://gre/modules/PartitioningExceptionListService.jsm, line 69: NS_ERROR_MALFORMED_URI: Component returned failure code: 0x804b000a (NS_ERROR_MALFORMED_URI) [nsIPartitioningExceptionListObserver.onExceptionListUpdate]
JavaScript error: https://www.youtube.com/s/desktop/f7ad551d/jsbin/spf.vflset/spf.js, line 28: NS_ERROR_NOT_INITIALIZED: 
JavaScript error: https://script.4dex.io/localstore.js line 1 > Function, line 4: TypeError: window.ADAGIO is undefined
1633419807834	Marionette	INFO	Stopped listening on port 1031

###!!! [Child][RunMessage] Error: Channel closing: too late to send/recv, messages will be lost


###!!! [Child][RunMessage] Error: Channel closing: too late to send/recv, messages will be lost

1633419853870	geckodriver	INFO	Listening on 127.0.0.1:1060
1633419856939	mozrunner::runner	INFO	Running command: "C:\\Program Files\\Mozilla Firefox\\firefox.exe" "--marionette" "--headless" "-no-remote" "-profile" "C:\\Users\\H3\\AppData\\Local\\Temp\\rust_mozprofile9ZqV48"
*** You are running in headless mode.
JavaScript error: resource://gre/modules/XULStore.jsm, line 66: Error: Can't find profile directory.
console.error: SearchCache: "_readCacheFile: Error reading cache file:" (new Error("", "(unknown module)"))
1633419859735	Marionette	INFO	Listening on port 1074
1633419860121	Marionette	WARN	TLS certificate errors will be ignored for this session
JavaScript error: resource://gre/modules/PartitioningExceptionListService.jsm, line 69: NS_ERROR_MALFORMED_URI: Component returned failure code: 0x804b000a (NS_ERROR_MALFORMED_URI) [nsIPartitioningExceptionListObserver.onExceptionListUpdate]
JavaScript error: https://twitter.com/MoonlightLuke, line 131: ChunkLoadError: Loading chunk 171 failed.
(error: https://abs.twimg.com/responsive-web/client-web-legacy/loader.TimelineRenderer.475a7c25.js)
JavaScript error: https://script.4dex.io/localstore.js line 1 > Function, line 4: TypeError: window.ADAGIO is undefined
1633419897992	Marionette	INFO	Stopped listening on port 1074

###!!! [Parent][RunMessage] Error: Channel closing: too late to send/recv, messages will be lost

1633420947758	geckodriver	INFO	Listening on 127.0.0.1:1033
1633420950815	mozrunner::runner	INFO	Running command: "C:\\Program Files\\Mozilla Firefox\\firefox.exe" "--marionette" "--headless" "-no-remote" "-profile" "C:\\Users\\H3\\AppData\\Local\\Temp\\rust_mozprofileLFfLFy"
*** You are running in headless mode.
JavaScript error: resource://gre/modules/XULStore.jsm, line 66: Error: Can't find profile directory.
console.error: SearchCache: "_readCacheFile: Error reading cache file:" (new Error("", "(unknown module)"))
1633420953614	Marionette	INFO	Listening on port 1073
1633420953971	Marionette	WARN	TLS certificate errors will be ignored for this session
JavaScript error: resource://gre/modules/PartitioningExceptionListService.jsm, line 69: NS_ERROR_MALFORMED_URI: Component returned failure code: 0x804b000a (NS_ERROR_MALFORMED_URI) [nsIPartitioningExceptionListObserver.onExceptionListUpdate]
1633421056078	geckodriver	INFO	Listening on 127.0.0.1:1045
1633421059122	mozrunner::runner	INFO	Running command: "C:\\Program Files\\Mozilla Firefox\\firefox.exe" "--marionette" "--headless" "-no-remote" "-profile" "C:\\Users\\H3\\AppData\\Local\\Temp\\rust_mozprofilehyKrVe"
*** You are running in headless mode.
JavaScript error: resource://gre/modules/XULStore.jsm, line 66: Error: Can't find profile directory.
console.error: SearchCache: "_readCacheFile: Error reading cache file:" (new Error("", "(unknown module)"))
1633421062115	Marionette	INFO	Listening on port 1068
1633421062283	Marionette	WARN	TLS certificate errors will be ignored for this session
JavaScript error: resource://gre/modules/PartitioningExceptionListService.jsm, line 69: NS_ERROR_MALFORMED_URI: Component returned failure code: 0x804b000a (NS_ERROR_MALFORMED_URI) [nsIPartitioningExceptionListObserver.onExceptionListUpdate]
1633421100643	geckodriver	INFO	Listening on 127.0.0.1:1403
1633421103673	mozrunner::runner	INFO	Running command: "C:\\Program Files\\Mozilla Firefox\\firefox.exe" "--marionette" "--headless" "-no-remote" "-profile" "C:\\Users\\H3\\AppData\\Local\\Temp\\rust_mozprofile12vMIi"
*** You are running in headless mode.
JavaScript error: resource://gre/modules/XULStore.jsm, line 66: Error: Can't find profile directory.
console.error: SearchCache: "_readCacheFile: Error reading cache file:" (new Error("", "(unknown module)"))
1633421106304	Marionette	INFO	Listening on port 1411
1633421106344	Marionette	WARN	TLS certificate errors will be ignored for this session
JavaScript error: resource://gre/modules/PartitioningExceptionListService.jsm, line 69: NS_ERROR_MALFORMED_URI: Component returned failure code: 0x804b000a (NS_ERROR_MALFORMED_URI) [nsIPartitioningExceptionListObserver.onExceptionListUpdate]
1633421171082	geckodriver	INFO	Listening on 127.0.0.1:8122
1633421174128	mozrunner::runner	INFO	Running command: "C:\\Program Files\\Mozilla Firefox\\firefox.exe" "--marionette" "--headless" "-no-remote" "-profile" "C:\\Users\\H3\\AppData\\Local\\Temp\\rust_mozprofilewqaBqH"
*** You are running in headless mode.
JavaScript error: resource://gre/modules/XULStore.jsm, line 66: Error: Can't find profile directory.
console.error: SearchCache: "_readCacheFile: Error reading cache file:" (new Error("", "(unknown module)"))
1633421177129	Marionette	INFO	Listening on port 8130
1633421177290	Marionette	WARN	TLS certificate errors will be ignored for this session
JavaScript error: resource://gre/modules/PartitioningExceptionListService.jsm, line 69: NS_ERROR_MALFORMED_URI: Component returned failure code: 0x804b000a (NS_ERROR_MALFORMED_URI) [nsIPartitioningExceptionListObserver.onExceptionListUpdate]
1633421238289	geckodriver	INFO	Listening on 127.0.0.1:1346
1633421241317	mozrunner::runner	INFO	Running command: "C:\\Program Files\\Mozilla Firefox\\firefox.exe" "--marionette" "--headless" "-no-remote" "-profile" "C:\\Users\\H3\\AppData\\Local\\Temp\\rust_mozprofileAfm6oH"
*** You are running in headless mode.
JavaScript error: resource://gre/modules/XULStore.jsm, line 66: Error: Can't find profile directory.
console.error: SearchCache: "_readCacheFile: Error reading cache file:" (new Error("", "(unknown module)"))
1633421244427	Marionette	INFO	Listening on port 1354
1633421244467	Marionette	WARN	TLS certificate errors will be ignored for this session
JavaScript error: resource://gre/modules/PartitioningExceptionListService.jsm, line 69: NS_ERROR_MALFORMED_URI: Component returned failure code: 0x804b000a (NS_ERROR_MALFORMED_URI) [nsIPartitioningExceptionListObserver.onExceptionListUpdate]
1633421267629	Marionette	INFO	Stopped listening on port 1354

###!!! [Child][RunMessage] Error: Channel closing: too late to send/recv, messages will be lost

1633421360502	geckodriver	INFO	Listening on 127.0.0.1:1317
1633421363537	mozrunner::runner	INFO	Running command: "C:\\Program Files\\Mozilla Firefox\\firefox.exe" "--marionette" "--headless" "-no-remote" "-profile" "C:\\Users\\H3\\AppData\\Local\\Temp\\rust_mozprofileLSEwvU"
*** You are running in headless mode.
JavaScript error: resource://gre/modules/XULStore.jsm, line 66: Error: Can't find profile directory.
console.error: SearchCache: "_readCacheFile: Error reading cache file:" (new Error("", "(unknown module)"))
1633421366571	Marionette	INFO	Listening on port 1335
1633421366712	Marionette	WARN	TLS certificate errors will be ignored for this session
JavaScript error: resource://gre/modules/PartitioningExceptionListService.jsm, line 69: NS_ERROR_MALFORMED_URI: Component returned failure code: 0x804b000a (NS_ERROR_MALFORMED_URI) [nsIPartitioningExceptionListObserver.onExceptionListUpdate]
1633421390581	Marionette	INFO	Stopped listening on port 1335
